  Source.cpp
C:\Users\User\source\repos\GitHub\sfml-game\ргр\mario\mario\Source.cpp(219,28): warning C4244: аргумент: преобразование "int" в "float", возможна потеря данных
C:\Users\User\source\repos\GitHub\sfml-game\ргр\mario\mario\Source.cpp(259,22): warning C4244: аргумент: преобразование "int" в "float", возможна потеря данных
C:\Users\User\source\repos\GitHub\sfml-game\ргр\mario\mario\Source.cpp(265,24): warning C4244: аргумент: преобразование "int" в "float", возможна потеря данных
C:\Users\User\source\repos\GitHub\sfml-game\ргр\mario\mario\Source.cpp(303,12): warning C4244: =: преобразование "double" в "float", возможна потеря данных
C:\Users\User\source\repos\GitHub\sfml-game\ргр\mario\mario\Source.cpp(328,21): warning C4244: +=: преобразование "double" в "float", возможна потеря данных
C:\Users\User\source\repos\GitHub\sfml-game\ргр\mario\mario\Source.cpp(358,14): warning C4244: инициализация: преобразование "T" в "int", возможна потеря данных
C:\Users\User\source\repos\GitHub\sfml-game\ргр\mario\mario\Source.cpp(358,14): warning C4244:         with
C:\Users\User\source\repos\GitHub\sfml-game\ргр\mario\mario\Source.cpp(358,14): warning C4244:         [
C:\Users\User\source\repos\GitHub\sfml-game\ргр\mario\mario\Source.cpp(358,14): warning C4244:             T=float
C:\Users\User\source\repos\GitHub\sfml-game\ргр\mario\mario\Source.cpp(358,14): warning C4244:         ]
C:\Users\User\source\repos\GitHub\sfml-game\ргр\mario\mario\Source.cpp(359,15): warning C4244: инициализация: преобразование "T" в "int", возможна потеря данных
C:\Users\User\source\repos\GitHub\sfml-game\ргр\mario\mario\Source.cpp(359,15): warning C4244:         with
C:\Users\User\source\repos\GitHub\sfml-game\ргр\mario\mario\Source.cpp(359,15): warning C4244:         [
C:\Users\User\source\repos\GitHub\sfml-game\ргр\mario\mario\Source.cpp(359,15): warning C4244:             T=float
C:\Users\User\source\repos\GitHub\sfml-game\ргр\mario\mario\Source.cpp(359,15): warning C4244:         ]
C:\Users\User\source\repos\GitHub\sfml-game\ргр\mario\mario\Source.cpp(367,26): warning C4244: =: преобразование "int" в "T", возможна потеря данных
C:\Users\User\source\repos\GitHub\sfml-game\ргр\mario\mario\Source.cpp(367,26): warning C4244:         with
C:\Users\User\source\repos\GitHub\sfml-game\ргр\mario\mario\Source.cpp(367,26): warning C4244:         [
C:\Users\User\source\repos\GitHub\sfml-game\ргр\mario\mario\Source.cpp(367,26): warning C4244:             T=float
C:\Users\User\source\repos\GitHub\sfml-game\ргр\mario\mario\Source.cpp(367,26): warning C4244:         ]
C:\Users\User\source\repos\GitHub\sfml-game\ргр\mario\mario\Source.cpp(374,25): warning C4244: =: преобразование "int" в "T", возможна потеря данных
C:\Users\User\source\repos\GitHub\sfml-game\ргр\mario\mario\Source.cpp(374,25): warning C4244:         with
C:\Users\User\source\repos\GitHub\sfml-game\ргр\mario\mario\Source.cpp(374,25): warning C4244:         [
C:\Users\User\source\repos\GitHub\sfml-game\ргр\mario\mario\Source.cpp(374,25): warning C4244:             T=float
C:\Users\User\source\repos\GitHub\sfml-game\ргр\mario\mario\Source.cpp(374,25): warning C4244:         ]
C:\Users\User\source\repos\GitHub\sfml-game\ргр\mario\mario\Source.cpp(452,23): warning C4244: аргумент: преобразование "int" в "T", возможна потеря данных
C:\Users\User\source\repos\GitHub\sfml-game\ргр\mario\mario\Source.cpp(452,23): warning C4244:         with
C:\Users\User\source\repos\GitHub\sfml-game\ргр\mario\mario\Source.cpp(452,23): warning C4244:         [
C:\Users\User\source\repos\GitHub\sfml-game\ргр\mario\mario\Source.cpp(452,23): warning C4244:             T=float
C:\Users\User\source\repos\GitHub\sfml-game\ргр\mario\mario\Source.cpp(452,23): warning C4244:         ]
C:\Users\User\source\repos\GitHub\sfml-game\ргр\mario\mario\Source.cpp(452,20): warning C4244: аргумент: преобразование "int" в "T", возможна потеря данных
C:\Users\User\source\repos\GitHub\sfml-game\ргр\mario\mario\Source.cpp(452,20): warning C4244:         with
C:\Users\User\source\repos\GitHub\sfml-game\ргр\mario\mario\Source.cpp(452,20): warning C4244:         [
C:\Users\User\source\repos\GitHub\sfml-game\ргр\mario\mario\Source.cpp(452,20): warning C4244:             T=float
C:\Users\User\source\repos\GitHub\sfml-game\ргр\mario\mario\Source.cpp(452,20): warning C4244:         ]
C:\Users\User\source\repos\GitHub\sfml-game\ргр\mario\mario\Source.cpp(464,9): warning C4305: =: усечение из "double" в "float"
C:\Users\User\source\repos\GitHub\sfml-game\ргр\mario\mario\Source.cpp(468,10): warning C4305: =: усечение из "double" в "float"
C:\Users\User\source\repos\GitHub\sfml-game\ргр\mario\mario\Source.cpp(476,14): warning C4244: инициализация: преобразование "T" в "int", возможна потеря данных
C:\Users\User\source\repos\GitHub\sfml-game\ргр\mario\mario\Source.cpp(476,14): warning C4244:         with
C:\Users\User\source\repos\GitHub\sfml-game\ргр\mario\mario\Source.cpp(476,14): warning C4244:         [
C:\Users\User\source\repos\GitHub\sfml-game\ргр\mario\mario\Source.cpp(476,14): warning C4244:             T=float
C:\Users\User\source\repos\GitHub\sfml-game\ргр\mario\mario\Source.cpp(476,14): warning C4244:         ]
C:\Users\User\source\repos\GitHub\sfml-game\ргр\mario\mario\Source.cpp(477,15): warning C4244: инициализация: преобразование "T" в "int", возможна потеря данных
C:\Users\User\source\repos\GitHub\sfml-game\ргр\mario\mario\Source.cpp(477,15): warning C4244:         with
C:\Users\User\source\repos\GitHub\sfml-game\ргр\mario\mario\Source.cpp(477,15): warning C4244:         [
C:\Users\User\source\repos\GitHub\sfml-game\ргр\mario\mario\Source.cpp(477,15): warning C4244:             T=float
C:\Users\User\source\repos\GitHub\sfml-game\ргр\mario\mario\Source.cpp(477,15): warning C4244:         ]
C:\Users\User\source\repos\GitHub\sfml-game\ргр\mario\mario\Source.cpp(498,26): warning C4244: аргумент: преобразование "int" в "T", возможна потеря данных
C:\Users\User\source\repos\GitHub\sfml-game\ргр\mario\mario\Source.cpp(498,26): warning C4244:         with
C:\Users\User\source\repos\GitHub\sfml-game\ргр\mario\mario\Source.cpp(498,26): warning C4244:         [
C:\Users\User\source\repos\GitHub\sfml-game\ргр\mario\mario\Source.cpp(498,26): warning C4244:             T=float
C:\Users\User\source\repos\GitHub\sfml-game\ргр\mario\mario\Source.cpp(498,26): warning C4244:         ]
C:\Users\User\source\repos\GitHub\sfml-game\ргр\mario\mario\Source.cpp(498,21): warning C4244: аргумент: преобразование "int" в "T", возможна потеря данных
C:\Users\User\source\repos\GitHub\sfml-game\ргр\mario\mario\Source.cpp(498,21): warning C4244:         with
C:\Users\User\source\repos\GitHub\sfml-game\ргр\mario\mario\Source.cpp(498,21): warning C4244:         [
C:\Users\User\source\repos\GitHub\sfml-game\ргр\mario\mario\Source.cpp(498,21): warning C4244:             T=float
C:\Users\User\source\repos\GitHub\sfml-game\ргр\mario\mario\Source.cpp(498,21): warning C4244:         ]
C:\Users\User\source\repos\GitHub\sfml-game\ргр\mario\mario\Source.cpp(506,24): warning C4244: аргумент: преобразование "int" в "T", возможна потеря данных
C:\Users\User\source\repos\GitHub\sfml-game\ргр\mario\mario\Source.cpp(506,24): warning C4244:         with
C:\Users\User\source\repos\GitHub\sfml-game\ргр\mario\mario\Source.cpp(506,24): warning C4244:         [
C:\Users\User\source\repos\GitHub\sfml-game\ргр\mario\mario\Source.cpp(506,24): warning C4244:             T=float
C:\Users\User\source\repos\GitHub\sfml-game\ргр\mario\mario\Source.cpp(506,24): warning C4244:         ]
C:\Users\User\source\repos\GitHub\sfml-game\ргр\mario\mario\Source.cpp(506,21): warning C4244: аргумент: преобразование "int" в "T", возможна потеря данных
C:\Users\User\source\repos\GitHub\sfml-game\ргр\mario\mario\Source.cpp(506,21): warning C4244:         with
C:\Users\User\source\repos\GitHub\sfml-game\ргр\mario\mario\Source.cpp(506,21): warning C4244:         [
C:\Users\User\source\repos\GitHub\sfml-game\ргр\mario\mario\Source.cpp(506,21): warning C4244:             T=float
C:\Users\User\source\repos\GitHub\sfml-game\ргр\mario\mario\Source.cpp(506,21): warning C4244:         ]
C:\Users\User\source\repos\GitHub\sfml-game\ргр\mario\mario\Source.cpp(510,26): warning C4244: аргумент: преобразование "int" в "T", возможна потеря данных
C:\Users\User\source\repos\GitHub\sfml-game\ргр\mario\mario\Source.cpp(510,26): warning C4244:         with
C:\Users\User\source\repos\GitHub\sfml-game\ргр\mario\mario\Source.cpp(510,26): warning C4244:         [
C:\Users\User\source\repos\GitHub\sfml-game\ргр\mario\mario\Source.cpp(510,26): warning C4244:             T=float
C:\Users\User\source\repos\GitHub\sfml-game\ргр\mario\mario\Source.cpp(510,26): warning C4244:         ]
C:\Users\User\source\repos\GitHub\sfml-game\ргр\mario\mario\Source.cpp(510,21): warning C4244: аргумент: преобразование "int" в "T", возможна потеря данных
C:\Users\User\source\repos\GitHub\sfml-game\ргр\mario\mario\Source.cpp(510,21): warning C4244:         with
C:\Users\User\source\repos\GitHub\sfml-game\ргр\mario\mario\Source.cpp(510,21): warning C4244:         [
C:\Users\User\source\repos\GitHub\sfml-game\ргр\mario\mario\Source.cpp(510,21): warning C4244:             T=float
C:\Users\User\source\repos\GitHub\sfml-game\ргр\mario\mario\Source.cpp(510,21): warning C4244:         ]
C:\Users\User\source\repos\GitHub\sfml-game\ргр\mario\mario\Source.cpp(516,10): warning C4305: =: усечение из "double" в "float"
C:\Users\User\source\repos\GitHub\sfml-game\ргр\mario\mario\Source.cpp(518,10): warning C4305: =: усечение из "double" в "float"
C:\Users\User\source\repos\GitHub\sfml-game\ргр\mario\mario\Source.cpp(527,9): warning C4305: =: усечение из "double" в "float"
C:\Users\User\source\repos\GitHub\sfml-game\ргр\mario\mario\Source.cpp(540,1): warning C4305: +=: усечение из "double" в "float"
C:\Users\User\source\repos\GitHub\sfml-game\ргр\mario\mario\Source.cpp(569,1): warning C4305: +=: усечение из "double" в "float"
C:\Users\User\source\repos\GitHub\sfml-game\ргр\mario\mario\Source.cpp(585,14): warning C4244: инициализация: преобразование "T" в "int", возможна потеря данных
C:\Users\User\source\repos\GitHub\sfml-game\ргр\mario\mario\Source.cpp(585,14): warning C4244:         with
C:\Users\User\source\repos\GitHub\sfml-game\ргр\mario\mario\Source.cpp(585,14): warning C4244:         [
C:\Users\User\source\repos\GitHub\sfml-game\ргр\mario\mario\Source.cpp(585,14): warning C4244:             T=float
C:\Users\User\source\repos\GitHub\sfml-game\ргр\mario\mario\Source.cpp(585,14): warning C4244:         ]
C:\Users\User\source\repos\GitHub\sfml-game\ргр\mario\mario\Source.cpp(586,15): warning C4244: инициализация: преобразование "T" в "int", возможна потеря данных
C:\Users\User\source\repos\GitHub\sfml-game\ргр\mario\mario\Source.cpp(586,15): warning C4244:         with
C:\Users\User\source\repos\GitHub\sfml-game\ргр\mario\mario\Source.cpp(586,15): warning C4244:         [
C:\Users\User\source\repos\GitHub\sfml-game\ргр\mario\mario\Source.cpp(586,15): warning C4244:             T=float
C:\Users\User\source\repos\GitHub\sfml-game\ргр\mario\mario\Source.cpp(586,15): warning C4244:         ]
C:\Users\User\source\repos\GitHub\sfml-game\ргр\mario\mario\Source.cpp(600,26): warning C4244: =: преобразование "int" в "T", возможна потеря данных
C:\Users\User\source\repos\GitHub\sfml-game\ргр\mario\mario\Source.cpp(600,26): warning C4244:         with
C:\Users\User\source\repos\GitHub\sfml-game\ргр\mario\mario\Source.cpp(600,26): warning C4244:         [
C:\Users\User\source\repos\GitHub\sfml-game\ргр\mario\mario\Source.cpp(600,26): warning C4244:             T=float
C:\Users\User\source\repos\GitHub\sfml-game\ргр\mario\mario\Source.cpp(600,26): warning C4244:         ]
C:\Users\User\source\repos\GitHub\sfml-game\ргр\mario\mario\Source.cpp(634,1): warning C4305: +=: усечение из "double" в "float"
C:\Users\User\source\repos\GitHub\sfml-game\ргр\mario\mario\Source.cpp(647,14): warning C4244: инициализация: преобразование "T" в "int", возможна потеря данных
C:\Users\User\source\repos\GitHub\sfml-game\ргр\mario\mario\Source.cpp(647,14): warning C4244:         with
C:\Users\User\source\repos\GitHub\sfml-game\ргр\mario\mario\Source.cpp(647,14): warning C4244:         [
C:\Users\User\source\repos\GitHub\sfml-game\ргр\mario\mario\Source.cpp(647,14): warning C4244:             T=float
C:\Users\User\source\repos\GitHub\sfml-game\ргр\mario\mario\Source.cpp(647,14): warning C4244:         ]
C:\Users\User\source\repos\GitHub\sfml-game\ргр\mario\mario\Source.cpp(648,15): warning C4244: инициализация: преобразование "T" в "int", возможна потеря данных
C:\Users\User\source\repos\GitHub\sfml-game\ргр\mario\mario\Source.cpp(648,15): warning C4244:         with
C:\Users\User\source\repos\GitHub\sfml-game\ргр\mario\mario\Source.cpp(648,15): warning C4244:         [
C:\Users\User\source\repos\GitHub\sfml-game\ргр\mario\mario\Source.cpp(648,15): warning C4244:             T=float
C:\Users\User\source\repos\GitHub\sfml-game\ргр\mario\mario\Source.cpp(648,15): warning C4244:         ]
C:\Users\User\source\repos\GitHub\sfml-game\ргр\mario\mario\Source.cpp(668,19): warning C4305: аргумент: усечение из "double" в "float"
C:\Users\User\source\repos\GitHub\sfml-game\ргр\mario\mario\Source.cpp(668,14): warning C4305: аргумент: усечение из "double" в "float"
C:\Users\User\source\repos\GitHub\sfml-game\ргр\mario\mario\Source.cpp(686,38): warning C4244: аргумент: преобразование "int" в "float", возможна потеря данных
C:\Users\User\source\repos\GitHub\sfml-game\ргр\mario\mario\Source.cpp(788,14): warning C4244: инициализация: преобразование "sf::Int64" в "float", возможна потеря данных
C:\Users\User\source\repos\GitHub\sfml-game\ргр\mario\mario\Source.cpp(803,58): warning C4244: аргумент: преобразование "T" в "T", возможна потеря данных
C:\Users\User\source\repos\GitHub\sfml-game\ргр\mario\mario\Source.cpp(803,58): warning C4244:         with
C:\Users\User\source\repos\GitHub\sfml-game\ргр\mario\mario\Source.cpp(803,58): warning C4244:         [
C:\Users\User\source\repos\GitHub\sfml-game\ргр\mario\mario\Source.cpp(803,58): warning C4244:             T=int
C:\Users\User\source\repos\GitHub\sfml-game\ргр\mario\mario\Source.cpp(803,58): warning C4244:         ]
C:\Users\User\source\repos\GitHub\sfml-game\ргр\mario\mario\Source.cpp(803,58): warning C4244:         and
C:\Users\User\source\repos\GitHub\sfml-game\ргр\mario\mario\Source.cpp(803,58): warning C4244:         [
C:\Users\User\source\repos\GitHub\sfml-game\ргр\mario\mario\Source.cpp(803,58): warning C4244:             T=float
C:\Users\User\source\repos\GitHub\sfml-game\ргр\mario\mario\Source.cpp(803,58): warning C4244:         ]
C:\Users\User\source\repos\GitHub\sfml-game\ргр\mario\mario\Source.cpp(803,51): warning C4244: аргумент: преобразование "T" в "T", возможна потеря данных
C:\Users\User\source\repos\GitHub\sfml-game\ргр\mario\mario\Source.cpp(803,51): warning C4244:         with
C:\Users\User\source\repos\GitHub\sfml-game\ргр\mario\mario\Source.cpp(803,51): warning C4244:         [
C:\Users\User\source\repos\GitHub\sfml-game\ргр\mario\mario\Source.cpp(803,51): warning C4244:             T=int
C:\Users\User\source\repos\GitHub\sfml-game\ргр\mario\mario\Source.cpp(803,51): warning C4244:         ]
C:\Users\User\source\repos\GitHub\sfml-game\ргр\mario\mario\Source.cpp(803,51): warning C4244:         and
C:\Users\User\source\repos\GitHub\sfml-game\ргр\mario\mario\Source.cpp(803,51): warning C4244:         [
C:\Users\User\source\repos\GitHub\sfml-game\ргр\mario\mario\Source.cpp(803,51): warning C4244:             T=float
C:\Users\User\source\repos\GitHub\sfml-game\ргр\mario\mario\Source.cpp(803,51): warning C4244:         ]
C:\Users\User\source\repos\GitHub\sfml-game\ргр\mario\mario\Source.cpp(809,61): warning C4244: аргумент: преобразование "T" в "T", возможна потеря данных
C:\Users\User\source\repos\GitHub\sfml-game\ргр\mario\mario\Source.cpp(809,61): warning C4244:         with
C:\Users\User\source\repos\GitHub\sfml-game\ргр\mario\mario\Source.cpp(809,61): warning C4244:         [
C:\Users\User\source\repos\GitHub\sfml-game\ргр\mario\mario\Source.cpp(809,61): warning C4244:             T=int
C:\Users\User\source\repos\GitHub\sfml-game\ргр\mario\mario\Source.cpp(809,61): warning C4244:         ]
C:\Users\User\source\repos\GitHub\sfml-game\ргр\mario\mario\Source.cpp(809,61): warning C4244:         and
C:\Users\User\source\repos\GitHub\sfml-game\ргр\mario\mario\Source.cpp(809,61): warning C4244:         [
C:\Users\User\source\repos\GitHub\sfml-game\ргр\mario\mario\Source.cpp(809,61): warning C4244:             T=float
C:\Users\User\source\repos\GitHub\sfml-game\ргр\mario\mario\Source.cpp(809,61): warning C4244:         ]
C:\Users\User\source\repos\GitHub\sfml-game\ргр\mario\mario\Source.cpp(809,54): warning C4244: аргумент: преобразование "T" в "T", возможна потеря данных
C:\Users\User\source\repos\GitHub\sfml-game\ргр\mario\mario\Source.cpp(809,54): warning C4244:         with
C:\Users\User\source\repos\GitHub\sfml-game\ргр\mario\mario\Source.cpp(809,54): warning C4244:         [
C:\Users\User\source\repos\GitHub\sfml-game\ргр\mario\mario\Source.cpp(809,54): warning C4244:             T=int
C:\Users\User\source\repos\GitHub\sfml-game\ргр\mario\mario\Source.cpp(809,54): warning C4244:         ]
C:\Users\User\source\repos\GitHub\sfml-game\ргр\mario\mario\Source.cpp(809,54): warning C4244:         and
C:\Users\User\source\repos\GitHub\sfml-game\ргр\mario\mario\Source.cpp(809,54): warning C4244:         [
C:\Users\User\source\repos\GitHub\sfml-game\ргр\mario\mario\Source.cpp(809,54): warning C4244:             T=float
C:\Users\User\source\repos\GitHub\sfml-game\ргр\mario\mario\Source.cpp(809,54): warning C4244:         ]
C:\Users\User\source\repos\GitHub\sfml-game\ргр\mario\mario\Source.cpp(821,61): warning C4244: аргумент: преобразование "T" в "T", возможна потеря данных
C:\Users\User\source\repos\GitHub\sfml-game\ргр\mario\mario\Source.cpp(821,61): warning C4244:         with
C:\Users\User\source\repos\GitHub\sfml-game\ргр\mario\mario\Source.cpp(821,61): warning C4244:         [
C:\Users\User\source\repos\GitHub\sfml-game\ргр\mario\mario\Source.cpp(821,61): warning C4244:             T=int
C:\Users\User\source\repos\GitHub\sfml-game\ргр\mario\mario\Source.cpp(821,61): warning C4244:         ]
C:\Users\User\source\repos\GitHub\sfml-game\ргр\mario\mario\Source.cpp(821,61): warning C4244:         and
C:\Users\User\source\repos\GitHub\sfml-game\ргр\mario\mario\Source.cpp(821,61): warning C4244:         [
C:\Users\User\source\repos\GitHub\sfml-game\ргр\mario\mario\Source.cpp(821,61): warning C4244:             T=float
C:\Users\User\source\repos\GitHub\sfml-game\ргр\mario\mario\Source.cpp(821,61): warning C4244:         ]
C:\Users\User\source\repos\GitHub\sfml-game\ргр\mario\mario\Source.cpp(821,54): warning C4244: аргумент: преобразование "T" в "T", возможна потеря данных
C:\Users\User\source\repos\GitHub\sfml-game\ргр\mario\mario\Source.cpp(821,54): warning C4244:         with
C:\Users\User\source\repos\GitHub\sfml-game\ргр\mario\mario\Source.cpp(821,54): warning C4244:         [
C:\Users\User\source\repos\GitHub\sfml-game\ргр\mario\mario\Source.cpp(821,54): warning C4244:             T=int
C:\Users\User\source\repos\GitHub\sfml-game\ргр\mario\mario\Source.cpp(821,54): warning C4244:         ]
C:\Users\User\source\repos\GitHub\sfml-game\ргр\mario\mario\Source.cpp(821,54): warning C4244:         and
C:\Users\User\source\repos\GitHub\sfml-game\ргр\mario\mario\Source.cpp(821,54): warning C4244:         [
C:\Users\User\source\repos\GitHub\sfml-game\ргр\mario\mario\Source.cpp(821,54): warning C4244:             T=float
C:\Users\User\source\repos\GitHub\sfml-game\ргр\mario\mario\Source.cpp(821,54): warning C4244:         ]
C:\Users\User\source\repos\GitHub\sfml-game\ргр\mario\mario\Source.cpp(846,57): warning C4244: аргумент: преобразование "T" в "T", возможна потеря данных
C:\Users\User\source\repos\GitHub\sfml-game\ргр\mario\mario\Source.cpp(846,57): warning C4244:         with
C:\Users\User\source\repos\GitHub\sfml-game\ргр\mario\mario\Source.cpp(846,57): warning C4244:         [
C:\Users\User\source\repos\GitHub\sfml-game\ргр\mario\mario\Source.cpp(846,57): warning C4244:             T=int
C:\Users\User\source\repos\GitHub\sfml-game\ргр\mario\mario\Source.cpp(846,57): warning C4244:         ]
C:\Users\User\source\repos\GitHub\sfml-game\ргр\mario\mario\Source.cpp(846,57): warning C4244:         and
C:\Users\User\source\repos\GitHub\sfml-game\ргр\mario\mario\Source.cpp(846,57): warning C4244:         [
C:\Users\User\source\repos\GitHub\sfml-game\ргр\mario\mario\Source.cpp(846,57): warning C4244:             T=float
C:\Users\User\source\repos\GitHub\sfml-game\ргр\mario\mario\Source.cpp(846,57): warning C4244:         ]
C:\Users\User\source\repos\GitHub\sfml-game\ргр\mario\mario\Source.cpp(846,50): warning C4244: аргумент: преобразование "T" в "T", возможна потеря данных
C:\Users\User\source\repos\GitHub\sfml-game\ргр\mario\mario\Source.cpp(846,50): warning C4244:         with
C:\Users\User\source\repos\GitHub\sfml-game\ргр\mario\mario\Source.cpp(846,50): warning C4244:         [
C:\Users\User\source\repos\GitHub\sfml-game\ргр\mario\mario\Source.cpp(846,50): warning C4244:             T=int
C:\Users\User\source\repos\GitHub\sfml-game\ргр\mario\mario\Source.cpp(846,50): warning C4244:         ]
C:\Users\User\source\repos\GitHub\sfml-game\ргр\mario\mario\Source.cpp(846,50): warning C4244:         and
C:\Users\User\source\repos\GitHub\sfml-game\ргр\mario\mario\Source.cpp(846,50): warning C4244:         [
C:\Users\User\source\repos\GitHub\sfml-game\ргр\mario\mario\Source.cpp(846,50): warning C4244:             T=float
C:\Users\User\source\repos\GitHub\sfml-game\ргр\mario\mario\Source.cpp(846,50): warning C4244:         ]
C:\Users\User\source\repos\GitHub\sfml-game\ргр\mario\mario\Source.cpp(855,58): warning C4244: аргумент: преобразование "T" в "T", возможна потеря данных
C:\Users\User\source\repos\GitHub\sfml-game\ргр\mario\mario\Source.cpp(855,58): warning C4244:         with
C:\Users\User\source\repos\GitHub\sfml-game\ргр\mario\mario\Source.cpp(855,58): warning C4244:         [
C:\Users\User\source\repos\GitHub\sfml-game\ргр\mario\mario\Source.cpp(855,58): warning C4244:             T=int
C:\Users\User\source\repos\GitHub\sfml-game\ргр\mario\mario\Source.cpp(855,58): warning C4244:         ]
C:\Users\User\source\repos\GitHub\sfml-game\ргр\mario\mario\Source.cpp(855,58): warning C4244:         and
C:\Users\User\source\repos\GitHub\sfml-game\ргр\mario\mario\Source.cpp(855,58): warning C4244:         [
C:\Users\User\source\repos\GitHub\sfml-game\ргр\mario\mario\Source.cpp(855,58): warning C4244:             T=float
C:\Users\User\source\repos\GitHub\sfml-game\ргр\mario\mario\Source.cpp(855,58): warning C4244:         ]
C:\Users\User\source\repos\GitHub\sfml-game\ргр\mario\mario\Source.cpp(855,51): warning C4244: аргумент: преобразование "T" в "T", возможна потеря данных
C:\Users\User\source\repos\GitHub\sfml-game\ргр\mario\mario\Source.cpp(855,51): warning C4244:         with
C:\Users\User\source\repos\GitHub\sfml-game\ргр\mario\mario\Source.cpp(855,51): warning C4244:         [
C:\Users\User\source\repos\GitHub\sfml-game\ргр\mario\mario\Source.cpp(855,51): warning C4244:             T=int
C:\Users\User\source\repos\GitHub\sfml-game\ргр\mario\mario\Source.cpp(855,51): warning C4244:         ]
C:\Users\User\source\repos\GitHub\sfml-game\ргр\mario\mario\Source.cpp(855,51): warning C4244:         and
C:\Users\User\source\repos\GitHub\sfml-game\ргр\mario\mario\Source.cpp(855,51): warning C4244:         [
C:\Users\User\source\repos\GitHub\sfml-game\ргр\mario\mario\Source.cpp(855,51): warning C4244:             T=float
C:\Users\User\source\repos\GitHub\sfml-game\ргр\mario\mario\Source.cpp(855,51): warning C4244:         ]
C:\Users\User\source\repos\GitHub\sfml-game\ргр\mario\mario\Source.cpp(863,58): warning C4244: аргумент: преобразование "T" в "T", возможна потеря данных
C:\Users\User\source\repos\GitHub\sfml-game\ргр\mario\mario\Source.cpp(863,58): warning C4244:         with
C:\Users\User\source\repos\GitHub\sfml-game\ргр\mario\mario\Source.cpp(863,58): warning C4244:         [
C:\Users\User\source\repos\GitHub\sfml-game\ргр\mario\mario\Source.cpp(863,58): warning C4244:             T=int
C:\Users\User\source\repos\GitHub\sfml-game\ргр\mario\mario\Source.cpp(863,58): warning C4244:         ]
C:\Users\User\source\repos\GitHub\sfml-game\ргр\mario\mario\Source.cpp(863,58): warning C4244:         and
C:\Users\User\source\repos\GitHub\sfml-game\ргр\mario\mario\Source.cpp(863,58): warning C4244:         [
C:\Users\User\source\repos\GitHub\sfml-game\ргр\mario\mario\Source.cpp(863,58): warning C4244:             T=float
C:\Users\User\source\repos\GitHub\sfml-game\ргр\mario\mario\Source.cpp(863,58): warning C4244:         ]
C:\Users\User\source\repos\GitHub\sfml-game\ргр\mario\mario\Source.cpp(863,51): warning C4244: аргумент: преобразование "T" в "T", возможна потеря данных
C:\Users\User\source\repos\GitHub\sfml-game\ргр\mario\mario\Source.cpp(863,51): warning C4244:         with
C:\Users\User\source\repos\GitHub\sfml-game\ргр\mario\mario\Source.cpp(863,51): warning C4244:         [
C:\Users\User\source\repos\GitHub\sfml-game\ргр\mario\mario\Source.cpp(863,51): warning C4244:             T=int
C:\Users\User\source\repos\GitHub\sfml-game\ргр\mario\mario\Source.cpp(863,51): warning C4244:         ]
C:\Users\User\source\repos\GitHub\sfml-game\ргр\mario\mario\Source.cpp(863,51): warning C4244:         and
C:\Users\User\source\repos\GitHub\sfml-game\ргр\mario\mario\Source.cpp(863,51): warning C4244:         [
C:\Users\User\source\repos\GitHub\sfml-game\ргр\mario\mario\Source.cpp(863,51): warning C4244:             T=float
C:\Users\User\source\repos\GitHub\sfml-game\ргр\mario\mario\Source.cpp(863,51): warning C4244:         ]
C:\Users\User\source\repos\GitHub\sfml-game\ргр\mario\mario\Source.cpp(871,62): warning C4244: аргумент: преобразование "T" в "T", возможна потеря данных
C:\Users\User\source\repos\GitHub\sfml-game\ргр\mario\mario\Source.cpp(871,62): warning C4244:         with
C:\Users\User\source\repos\GitHub\sfml-game\ргр\mario\mario\Source.cpp(871,62): warning C4244:         [
C:\Users\User\source\repos\GitHub\sfml-game\ргр\mario\mario\Source.cpp(871,62): warning C4244:             T=int
C:\Users\User\source\repos\GitHub\sfml-game\ргр\mario\mario\Source.cpp(871,62): warning C4244:         ]
C:\Users\User\source\repos\GitHub\sfml-game\ргр\mario\mario\Source.cpp(871,62): warning C4244:         and
C:\Users\User\source\repos\GitHub\sfml-game\ргр\mario\mario\Source.cpp(871,62): warning C4244:         [
C:\Users\User\source\repos\GitHub\sfml-game\ргр\mario\mario\Source.cpp(871,62): warning C4244:             T=float
C:\Users\User\source\repos\GitHub\sfml-game\ргр\mario\mario\Source.cpp(871,62): warning C4244:         ]
C:\Users\User\source\repos\GitHub\sfml-game\ргр\mario\mario\Source.cpp(871,55): warning C4244: аргумент: преобразование "T" в "T", возможна потеря данных
C:\Users\User\source\repos\GitHub\sfml-game\ргр\mario\mario\Source.cpp(871,55): warning C4244:         with
C:\Users\User\source\repos\GitHub\sfml-game\ргр\mario\mario\Source.cpp(871,55): warning C4244:         [
C:\Users\User\source\repos\GitHub\sfml-game\ргр\mario\mario\Source.cpp(871,55): warning C4244:             T=int
C:\Users\User\source\repos\GitHub\sfml-game\ргр\mario\mario\Source.cpp(871,55): warning C4244:         ]
C:\Users\User\source\repos\GitHub\sfml-game\ргр\mario\mario\Source.cpp(871,55): warning C4244:         and
C:\Users\User\source\repos\GitHub\sfml-game\ргр\mario\mario\Source.cpp(871,55): warning C4244:         [
C:\Users\User\source\repos\GitHub\sfml-game\ргр\mario\mario\Source.cpp(871,55): warning C4244:             T=float
C:\Users\User\source\repos\GitHub\sfml-game\ргр\mario\mario\Source.cpp(871,55): warning C4244:         ]
C:\Users\User\source\repos\GitHub\sfml-game\ргр\mario\mario\Source.cpp(890,58): warning C4244: аргумент: преобразование "T" в "T", возможна потеря данных
C:\Users\User\source\repos\GitHub\sfml-game\ргр\mario\mario\Source.cpp(890,58): warning C4244:         with
C:\Users\User\source\repos\GitHub\sfml-game\ргр\mario\mario\Source.cpp(890,58): warning C4244:         [
C:\Users\User\source\repos\GitHub\sfml-game\ргр\mario\mario\Source.cpp(890,58): warning C4244:             T=int
C:\Users\User\source\repos\GitHub\sfml-game\ргр\mario\mario\Source.cpp(890,58): warning C4244:         ]
C:\Users\User\source\repos\GitHub\sfml-game\ргр\mario\mario\Source.cpp(890,58): warning C4244:         and
C:\Users\User\source\repos\GitHub\sfml-game\ргр\mario\mario\Source.cpp(890,58): warning C4244:         [
C:\Users\User\source\repos\GitHub\sfml-game\ргр\mario\mario\Source.cpp(890,58): warning C4244:             T=float
C:\Users\User\source\repos\GitHub\sfml-game\ргр\mario\mario\Source.cpp(890,58): warning C4244:         ]
C:\Users\User\source\repos\GitHub\sfml-game\ргр\mario\mario\Source.cpp(890,51): warning C4244: аргумент: преобразование "T" в "T", возможна потеря данных
C:\Users\User\source\repos\GitHub\sfml-game\ргр\mario\mario\Source.cpp(890,51): warning C4244:         with
C:\Users\User\source\repos\GitHub\sfml-game\ргр\mario\mario\Source.cpp(890,51): warning C4244:         [
C:\Users\User\source\repos\GitHub\sfml-game\ргр\mario\mario\Source.cpp(890,51): warning C4244:             T=int
C:\Users\User\source\repos\GitHub\sfml-game\ргр\mario\mario\Source.cpp(890,51): warning C4244:         ]
C:\Users\User\source\repos\GitHub\sfml-game\ргр\mario\mario\Source.cpp(890,51): warning C4244:         and
C:\Users\User\source\repos\GitHub\sfml-game\ргр\mario\mario\Source.cpp(890,51): warning C4244:         [
C:\Users\User\source\repos\GitHub\sfml-game\ргр\mario\mario\Source.cpp(890,51): warning C4244:             T=float
C:\Users\User\source\repos\GitHub\sfml-game\ргр\mario\mario\Source.cpp(890,51): warning C4244:         ]
C:\Users\User\source\repos\GitHub\sfml-game\ргр\mario\mario\Source.cpp(897,58): warning C4244: аргумент: преобразование "T" в "T", возможна потеря данных
C:\Users\User\source\repos\GitHub\sfml-game\ргр\mario\mario\Source.cpp(897,58): warning C4244:         with
C:\Users\User\source\repos\GitHub\sfml-game\ргр\mario\mario\Source.cpp(897,58): warning C4244:         [
C:\Users\User\source\repos\GitHub\sfml-game\ргр\mario\mario\Source.cpp(897,58): warning C4244:             T=int
C:\Users\User\source\repos\GitHub\sfml-game\ргр\mario\mario\Source.cpp(897,58): warning C4244:         ]
C:\Users\User\source\repos\GitHub\sfml-game\ргр\mario\mario\Source.cpp(897,58): warning C4244:         and
C:\Users\User\source\repos\GitHub\sfml-game\ргр\mario\mario\Source.cpp(897,58): warning C4244:         [
C:\Users\User\source\repos\GitHub\sfml-game\ргр\mario\mario\Source.cpp(897,58): warning C4244:             T=float
C:\Users\User\source\repos\GitHub\sfml-game\ргр\mario\mario\Source.cpp(897,58): warning C4244:         ]
C:\Users\User\source\repos\GitHub\sfml-game\ргр\mario\mario\Source.cpp(897,51): warning C4244: аргумент: преобразование "T" в "T", возможна потеря данных
C:\Users\User\source\repos\GitHub\sfml-game\ргр\mario\mario\Source.cpp(897,51): warning C4244:         with
C:\Users\User\source\repos\GitHub\sfml-game\ргр\mario\mario\Source.cpp(897,51): warning C4244:         [
C:\Users\User\source\repos\GitHub\sfml-game\ргр\mario\mario\Source.cpp(897,51): warning C4244:             T=int
C:\Users\User\source\repos\GitHub\sfml-game\ргр\mario\mario\Source.cpp(897,51): warning C4244:         ]
C:\Users\User\source\repos\GitHub\sfml-game\ргр\mario\mario\Source.cpp(897,51): warning C4244:         and
C:\Users\User\source\repos\GitHub\sfml-game\ргр\mario\mario\Source.cpp(897,51): warning C4244:         [
C:\Users\User\source\repos\GitHub\sfml-game\ргр\mario\mario\Source.cpp(897,51): warning C4244:             T=float
C:\Users\User\source\repos\GitHub\sfml-game\ргр\mario\mario\Source.cpp(897,51): warning C4244:         ]
C:\Users\User\source\repos\GitHub\sfml-game\ргр\mario\mario\Source.cpp(905,60): warning C4244: аргумент: преобразование "T" в "T", возможна потеря данных
C:\Users\User\source\repos\GitHub\sfml-game\ргр\mario\mario\Source.cpp(905,60): warning C4244:         with
C:\Users\User\source\repos\GitHub\sfml-game\ргр\mario\mario\Source.cpp(905,60): warning C4244:         [
C:\Users\User\source\repos\GitHub\sfml-game\ргр\mario\mario\Source.cpp(905,60): warning C4244:             T=int
C:\Users\User\source\repos\GitHub\sfml-game\ргр\mario\mario\Source.cpp(905,60): warning C4244:         ]
C:\Users\User\source\repos\GitHub\sfml-game\ргр\mario\mario\Source.cpp(905,60): warning C4244:         and
C:\Users\User\source\repos\GitHub\sfml-game\ргр\mario\mario\Source.cpp(905,60): warning C4244:         [
C:\Users\User\source\repos\GitHub\sfml-game\ргр\mario\mario\Source.cpp(905,60): warning C4244:             T=float
C:\Users\User\source\repos\GitHub\sfml-game\ргр\mario\mario\Source.cpp(905,60): warning C4244:         ]
C:\Users\User\source\repos\GitHub\sfml-game\ргр\mario\mario\Source.cpp(905,53): warning C4244: аргумент: преобразование "T" в "T", возможна потеря данных
C:\Users\User\source\repos\GitHub\sfml-game\ргр\mario\mario\Source.cpp(905,53): warning C4244:         with
C:\Users\User\source\repos\GitHub\sfml-game\ргр\mario\mario\Source.cpp(905,53): warning C4244:         [
C:\Users\User\source\repos\GitHub\sfml-game\ргр\mario\mario\Source.cpp(905,53): warning C4244:             T=int
C:\Users\User\source\repos\GitHub\sfml-game\ргр\mario\mario\Source.cpp(905,53): warning C4244:         ]
C:\Users\User\source\repos\GitHub\sfml-game\ргр\mario\mario\Source.cpp(905,53): warning C4244:         and
C:\Users\User\source\repos\GitHub\sfml-game\ргр\mario\mario\Source.cpp(905,53): warning C4244:         [
C:\Users\User\source\repos\GitHub\sfml-game\ргр\mario\mario\Source.cpp(905,53): warning C4244:             T=float
C:\Users\User\source\repos\GitHub\sfml-game\ргр\mario\mario\Source.cpp(905,53): warning C4244:         ]
C:\Users\User\source\repos\GitHub\sfml-game\ргр\mario\mario\Source.cpp(917,61): warning C4244: аргумент: преобразование "T" в "T", возможна потеря данных
C:\Users\User\source\repos\GitHub\sfml-game\ргр\mario\mario\Source.cpp(917,61): warning C4244:         with
C:\Users\User\source\repos\GitHub\sfml-game\ргр\mario\mario\Source.cpp(917,61): warning C4244:         [
C:\Users\User\source\repos\GitHub\sfml-game\ргр\mario\mario\Source.cpp(917,61): warning C4244:             T=int
C:\Users\User\source\repos\GitHub\sfml-game\ргр\mario\mario\Source.cpp(917,61): warning C4244:         ]
C:\Users\User\source\repos\GitHub\sfml-game\ргр\mario\mario\Source.cpp(917,61): warning C4244:         and
C:\Users\User\source\repos\GitHub\sfml-game\ргр\mario\mario\Source.cpp(917,61): warning C4244:         [
C:\Users\User\source\repos\GitHub\sfml-game\ргр\mario\mario\Source.cpp(917,61): warning C4244:             T=float
C:\Users\User\source\repos\GitHub\sfml-game\ргр\mario\mario\Source.cpp(917,61): warning C4244:         ]
C:\Users\User\source\repos\GitHub\sfml-game\ргр\mario\mario\Source.cpp(917,54): warning C4244: аргумент: преобразование "T" в "T", возможна потеря данных
C:\Users\User\source\repos\GitHub\sfml-game\ргр\mario\mario\Source.cpp(917,54): warning C4244:         with
C:\Users\User\source\repos\GitHub\sfml-game\ргр\mario\mario\Source.cpp(917,54): warning C4244:         [
C:\Users\User\source\repos\GitHub\sfml-game\ргр\mario\mario\Source.cpp(917,54): warning C4244:             T=int
C:\Users\User\source\repos\GitHub\sfml-game\ргр\mario\mario\Source.cpp(917,54): warning C4244:         ]
C:\Users\User\source\repos\GitHub\sfml-game\ргр\mario\mario\Source.cpp(917,54): warning C4244:         and
C:\Users\User\source\repos\GitHub\sfml-game\ргр\mario\mario\Source.cpp(917,54): warning C4244:         [
C:\Users\User\source\repos\GitHub\sfml-game\ргр\mario\mario\Source.cpp(917,54): warning C4244:             T=float
C:\Users\User\source\repos\GitHub\sfml-game\ргр\mario\mario\Source.cpp(917,54): warning C4244:         ]
C:\Users\User\source\repos\GitHub\sfml-game\ргр\mario\mario\Source.cpp(927,59): warning C4244: аргумент: преобразование "T" в "T", возможна потеря данных
C:\Users\User\source\repos\GitHub\sfml-game\ргр\mario\mario\Source.cpp(927,59): warning C4244:         with
C:\Users\User\source\repos\GitHub\sfml-game\ргр\mario\mario\Source.cpp(927,59): warning C4244:         [
C:\Users\User\source\repos\GitHub\sfml-game\ргр\mario\mario\Source.cpp(927,59): warning C4244:             T=int
C:\Users\User\source\repos\GitHub\sfml-game\ргр\mario\mario\Source.cpp(927,59): warning C4244:         ]
C:\Users\User\source\repos\GitHub\sfml-game\ргр\mario\mario\Source.cpp(927,59): warning C4244:         and
C:\Users\User\source\repos\GitHub\sfml-game\ргр\mario\mario\Source.cpp(927,59): warning C4244:         [
C:\Users\User\source\repos\GitHub\sfml-game\ргр\mario\mario\Source.cpp(927,59): warning C4244:             T=float
C:\Users\User\source\repos\GitHub\sfml-game\ргр\mario\mario\Source.cpp(927,59): warning C4244:         ]
C:\Users\User\source\repos\GitHub\sfml-game\ргр\mario\mario\Source.cpp(927,52): warning C4244: аргумент: преобразование "T" в "T", возможна потеря данных
C:\Users\User\source\repos\GitHub\sfml-game\ргр\mario\mario\Source.cpp(927,52): warning C4244:         with
C:\Users\User\source\repos\GitHub\sfml-game\ргр\mario\mario\Source.cpp(927,52): warning C4244:         [
C:\Users\User\source\repos\GitHub\sfml-game\ргр\mario\mario\Source.cpp(927,52): warning C4244:             T=int
C:\Users\User\source\repos\GitHub\sfml-game\ргр\mario\mario\Source.cpp(927,52): warning C4244:         ]
C:\Users\User\source\repos\GitHub\sfml-game\ргр\mario\mario\Source.cpp(927,52): warning C4244:         and
C:\Users\User\source\repos\GitHub\sfml-game\ргр\mario\mario\Source.cpp(927,52): warning C4244:         [
C:\Users\User\source\repos\GitHub\sfml-game\ргр\mario\mario\Source.cpp(927,52): warning C4244:             T=float
C:\Users\User\source\repos\GitHub\sfml-game\ргр\mario\mario\Source.cpp(927,52): warning C4244:         ]
C:\Users\User\source\repos\GitHub\sfml-game\ргр\mario\mario\Source.cpp(941,60): warning C4244: аргумент: преобразование "T" в "T", возможна потеря данных
C:\Users\User\source\repos\GitHub\sfml-game\ргр\mario\mario\Source.cpp(941,60): warning C4244:         with
C:\Users\User\source\repos\GitHub\sfml-game\ргр\mario\mario\Source.cpp(941,60): warning C4244:         [
C:\Users\User\source\repos\GitHub\sfml-game\ргр\mario\mario\Source.cpp(941,60): warning C4244:             T=int
C:\Users\User\source\repos\GitHub\sfml-game\ргр\mario\mario\Source.cpp(941,60): warning C4244:         ]
C:\Users\User\source\repos\GitHub\sfml-game\ргр\mario\mario\Source.cpp(941,60): warning C4244:         and
C:\Users\User\source\repos\GitHub\sfml-game\ргр\mario\mario\Source.cpp(941,60): warning C4244:         [
C:\Users\User\source\repos\GitHub\sfml-game\ргр\mario\mario\Source.cpp(941,60): warning C4244:             T=float
C:\Users\User\source\repos\GitHub\sfml-game\ргр\mario\mario\Source.cpp(941,60): warning C4244:         ]
C:\Users\User\source\repos\GitHub\sfml-game\ргр\mario\mario\Source.cpp(941,53): warning C4244: аргумент: преобразование "T" в "T", возможна потеря данных
C:\Users\User\source\repos\GitHub\sfml-game\ргр\mario\mario\Source.cpp(941,53): warning C4244:         with
C:\Users\User\source\repos\GitHub\sfml-game\ргр\mario\mario\Source.cpp(941,53): warning C4244:         [
C:\Users\User\source\repos\GitHub\sfml-game\ргр\mario\mario\Source.cpp(941,53): warning C4244:             T=int
C:\Users\User\source\repos\GitHub\sfml-game\ргр\mario\mario\Source.cpp(941,53): warning C4244:         ]
C:\Users\User\source\repos\GitHub\sfml-game\ргр\mario\mario\Source.cpp(941,53): warning C4244:         and
C:\Users\User\source\repos\GitHub\sfml-game\ргр\mario\mario\Source.cpp(941,53): warning C4244:         [
C:\Users\User\source\repos\GitHub\sfml-game\ргр\mario\mario\Source.cpp(941,53): warning C4244:             T=float
C:\Users\User\source\repos\GitHub\sfml-game\ргр\mario\mario\Source.cpp(941,53): warning C4244:         ]
C:\Users\User\source\repos\GitHub\sfml-game\ргр\mario\mario\Source.cpp(1026,20): warning C4305: =: усечение из "double" в "float"
C:\Users\User\source\repos\GitHub\sfml-game\ргр\mario\mario\Source.cpp(1028,20): warning C4305: =: усечение из "double" в "float"
C:\Users\User\source\repos\GitHub\sfml-game\ргр\mario\mario\Source.cpp(1143,13): warning C4305: =: усечение из "double" в "float"
C:\Users\User\source\repos\GitHub\sfml-game\ргр\mario\mario\Source.cpp(1146,12): warning C4305: =: усечение из "double" в "float"
C:\Users\User\source\repos\GitHub\sfml-game\ргр\mario\mario\Source.cpp(1153,14): warning C4305: =: усечение из "double" в "float"
C:\Users\User\source\repos\GitHub\sfml-game\ргр\mario\mario\Source.cpp(1252,14): warning C4305: =: усечение из "double" в "float"
C:\Users\User\source\repos\GitHub\sfml-game\ргр\mario\mario\Source.cpp(1258,14): warning C4305: =: усечение из "double" в "float"
C:\Users\User\source\repos\GitHub\sfml-game\ргр\mario\mario\Source.cpp(1273,14): warning C4305: =: усечение из "double" в "float"
C:\Users\User\source\repos\GitHub\sfml-game\ргр\mario\mario\Source.cpp(1298,14): warning C4305: =: усечение из "double" в "float"
C:\Users\User\source\repos\GitHub\sfml-game\ргр\mario\mario\Source.cpp(1314,14): warning C4305: =: усечение из "double" в "float"
C:\Users\User\source\repos\GitHub\sfml-game\ргр\mario\mario\Source.cpp(1321,14): warning C4305: =: усечение из "double" в "float"
C:\Users\User\source\repos\GitHub\sfml-game\ргр\mario\mario\Source.cpp(1329,14): warning C4305: =: усечение из "double" в "float"
C:\Users\User\source\repos\GitHub\sfml-game\ргр\mario\mario\Source.cpp(1336,14): warning C4305: =: усечение из "double" в "float"
C:\Users\User\source\repos\GitHub\sfml-game\ргр\mario\mario\Source.cpp(1714,16): warning C4305: =: усечение из "double" в "float"
C:\Users\User\source\repos\GitHub\sfml-game\ргр\mario\mario\Source.cpp(1727,15): warning C4305: =: усечение из "double" в "float"
C:\Users\User\source\repos\GitHub\sfml-game\ргр\mario\mario\Source.cpp(1738,13): warning C4305: =: усечение из "double" в "float"
  mario.vcxproj -> C:\Users\User\source\repos\GitHub\sfml-game\ргр\mario\x64\Debug\mario.exe
