Source.obj : error LNK2001: неразрешенный внешний символ "__declspec(dllimport) public: static class sf::RenderStates const sf::RenderStates::Default" (__imp_?Default@RenderStates@sf@@2V12@B).
Source.obj : error LNK2001: неразрешенный внешний символ "__declspec(dllimport) public: class sf::Time __cdecl sf::Clock::restart(void)" (__imp_?restart@Clock@sf@@QEAA?AVTime@2@XZ).
Source.obj : error LNK2001: неразрешенный внешний символ "__declspec(dllimport) public: class sf::Time __cdecl sf::Clock::getElapsedTime(void)const " (__imp_?getElapsedTime@Clock@sf@@QEBA?AVTime@2@XZ).
Source.obj : error LNK2001: неразрешенный внешний символ "__declspec(dllimport) public: __cdecl sf::Clock::Clock(void)" (__imp_??0Clock@sf@@QEAA@XZ).
Source.obj : error LNK2001: неразрешенный внешний символ "__declspec(dllimport) public: void __cdecl sf::SoundSource::setVolume(float)" (__imp_?setVolume@SoundSource@sf@@QEAAXM@Z).
Source.obj : error LNK2001: неразрешенный внешний символ "__declspec(dllimport) public: __int64 __cdecl sf::Time::asMicroseconds(void)const " (__imp_?asMicroseconds@Time@sf@@QEBA_JXZ).
Source.obj : error LNK2001: неразрешенный внешний символ "__declspec(dllimport) public: void __cdecl sf::Transformable::setScale(float,float)" (__imp_?setScale@Transformable@sf@@QEAAXMM@Z).
Source.obj : error LNK2001: неразрешенный внешний символ "__declspec(dllimport) public: void __cdecl sf::Transformable::setPosition(float,float)" (__imp_?setPosition@Transformable@sf@@QEAAXMM@Z).
Source.obj : error LNK2001: неразрешенный внешний символ "__declspec(dllimport) public: bool __cdecl sf::Texture::loadFromFile(class std::basic_string<char,struct std::char_traits<char>,class std::allocator<char> > const &,class sf::Rect<int> const &)" (__imp_?loadFromFile@Texture@sf@@QEAA_NAEBV?$basic_string@DU?$char_traits@D@std@@V?$allocator@D@2@@std@@AEBV?$Rect@H@2@@Z).
Source.obj : error LNK2001: неразрешенный внешний символ "__declspec(dllimport) public: __cdecl sf::Texture::~Texture(void)" (__imp_??1Texture@sf@@QEAA@XZ).
Source.obj : error LNK2001: неразрешенный внешний символ "__declspec(dllimport) public: __cdecl sf::Texture::Texture(void)" (__imp_??0Texture@sf@@QEAA@XZ).
Source.obj : error LNK2001: неразрешенный внешний символ "__declspec(dllimport) public: virtual __cdecl sf::RenderWindow::~RenderWindow(void)" (__imp_??1RenderWindow@sf@@UEAA@XZ).
Source.obj : error LNK2001: неразрешенный внешний символ "__declspec(dllimport) public: __cdecl sf::RenderWindow::RenderWindow(class sf::VideoMode,class sf::String const &,unsigned int,struct sf::ContextSettings const &)" (__imp_??0RenderWindow@sf@@QEAA@VVideoMode@1@AEBVString@1@IAEBUContextSettings@1@@Z).
Source.obj : error LNK2001: неразрешенный внешний символ "__declspec(dllimport) public: __cdecl sf::Color::Color(unsigned char,unsigned char,unsigned char,unsigned char)" (__imp_??0Color@sf@@QEAA@EEEE@Z).
Source.obj : error LNK2001: неразрешенный внешний символ "__declspec(dllimport) public: bool __cdecl sf::SoundBuffer::loadFromFile(class std::basic_string<char,struct std::char_traits<char>,class std::allocator<char> > const &)" (__imp_?loadFromFile@SoundBuffer@sf@@QEAA_NAEBV?$basic_string@DU?$char_traits@D@std@@V?$allocator@D@2@@std@@@Z).
Source.obj : error LNK2001: неразрешенный внешний символ "__declspec(dllimport) public: __cdecl sf::SoundBuffer::~SoundBuffer(void)" (__imp_??1SoundBuffer@sf@@QEAA@XZ).
Source.obj : error LNK2001: неразрешенный внешний символ "__declspec(dllimport) public: __cdecl sf::SoundBuffer::SoundBuffer(void)" (__imp_??0SoundBuffer@sf@@QEAA@XZ).
Source.obj : error LNK2001: неразрешенный внешний символ "__declspec(dllimport) public: void __cdecl sf::Sound::setBuffer(class sf::SoundBuffer const &)" (__imp_?setBuffer@Sound@sf@@QEAAXAEBVSoundBuffer@2@@Z).
Source.obj : error LNK2001: неразрешенный внешний символ "__declspec(dllimport) public: virtual void __cdecl sf::Sound::stop(void)" (__imp_?stop@Sound@sf@@UEAAXXZ).
Source.obj : error LNK2001: неразрешенный внешний символ "__declspec(dllimport) public: virtual void __cdecl sf::Sound::play(void)" (__imp_?play@Sound@sf@@UEAAXXZ).
Source.obj : error LNK2001: неразрешенный внешний символ "__declspec(dllimport) public: virtual __cdecl sf::Sound::~Sound(void)" (__imp_??1Sound@sf@@UEAA@XZ).
Source.obj : error LNK2001: неразрешенный внешний символ "__declspec(dllimport) public: __cdecl sf::Sound::Sound(void)" (__imp_??0Sound@sf@@QEAA@XZ).
Source.obj : error LNK2001: неразрешенный внешний символ "__declspec(dllimport) public: static class sf::Color const sf::Color::Black" (__imp_?Black@Color@sf@@2V12@B).
Source.obj : error LNK2001: неразрешенный внешний символ "__declspec(dllimport) public: void __cdecl sf::Window::display(void)" (__imp_?display@Window@sf@@QEAAXXZ).
Source.obj : error LNK2001: неразрешенный внешний символ "__declspec(dllimport) public: bool __cdecl sf::Window::pollEvent(class sf::Event &)" (__imp_?pollEvent@Window@sf@@QEAA_NAEAVEvent@2@@Z).
Source.obj : error LNK2001: неразрешенный внешний символ "__declspec(dllimport) public: bool __cdecl sf::Window::isOpen(void)const " (__imp_?isOpen@Window@sf@@QEBA_NXZ).
Source.obj : error LNK2001: неразрешенный внешний символ "__declspec(dllimport) public: void __cdecl sf::Window::close(void)" (__imp_?close@Window@sf@@QEAAXXZ).
Source.obj : error LNK2001: неразрешенный внешний символ "__declspec(dllimport) public: void __cdecl sf::RenderTarget::draw(class sf::Drawable const &,class sf::RenderStates const &)" (__imp_?draw@RenderTarget@sf@@QEAAXAEBVDrawable@2@AEBVRenderStates@2@@Z).
Source.obj : error LNK2001: неразрешенный внешний символ "__declspec(dllimport) public: void __cdecl sf::RenderTarget::clear(class sf::Color const &)" (__imp_?clear@RenderTarget@sf@@QEAAXAEBVColor@2@@Z).
Source.obj : error LNK2001: неразрешенный внешний символ "__declspec(dllimport) public: static bool __cdecl sf::Keyboard::isKeyPressed(enum sf::Keyboard::Key)" (__imp_?isKeyPressed@Keyboard@sf@@SA_NW4Key@12@@Z).
Source.obj : error LNK2001: неразрешенный внешний символ "__declspec(dllimport) public: unsigned int & __cdecl sf::String::operator[](unsigned __int64)" (__imp_??AString@sf@@QEAAAEAI_K@Z).
Source.obj : error LNK2001: неразрешенный внешний символ "__declspec(dllimport) public: __cdecl sf::String::String(char const *,class std::locale const &)" (__imp_??0String@sf@@QEAA@PEBDAEBVlocale@std@@@Z).
Source.obj : error LNK2001: неразрешенный внешний символ "__declspec(dllimport) public: __cdecl sf::VideoMode::VideoMode(unsigned int,unsigned int,unsigned int)" (__imp_??0VideoMode@sf@@QEAA@III@Z).
Source.obj : error LNK2001: неразрешенный внешний символ "__declspec(dllimport) public: class sf::Rect<float> __cdecl sf::Sprite::getGlobalBounds(void)const " (__imp_?getGlobalBounds@Sprite@sf@@QEBA?AV?$Rect@M@2@XZ).
Source.obj : error LNK2001: неразрешенный внешний символ "__declspec(dllimport) public: void __cdecl sf::Sprite::setTextureRect(class sf::Rect<int> const &)" (__imp_?setTextureRect@Sprite@sf@@QEAAXAEBV?$Rect@H@2@@Z).
Source.obj : error LNK2001: неразрешенный внешний символ "__declspec(dllimport) public: void __cdecl sf::Sprite::setTexture(class sf::Texture const &,bool)" (__imp_?setTexture@Sprite@sf@@QEAAXAEBVTexture@2@_N@Z).
Source.obj : error LNK2001: неразрешенный внешний символ "__declspec(dllimport) public: __cdecl sf::Sprite::Sprite(void)" (__imp_??0Sprite@sf@@QEAA@XZ).
Source.obj : error LNK2001: неразрешенный внешний символ "__declspec(dllimport) public: __cdecl sf::Sprite::Sprite(class sf::Texture const &)" (__imp_??0Sprite@sf@@QEAA@AEBVTexture@1@@Z).
Source.obj : error LNK2001: неразрешенный внешний символ "__declspec(dllimport) public: bool __cdecl sf::Music::openFromFile(class std::basic_string<char,struct std::char_traits<char>,class std::allocator<char> > const &)" (__imp_?openFromFile@Music@sf@@QEAA_NAEBV?$basic_string@DU?$char_traits@D@std@@V?$allocator@D@2@@std@@@Z).
Source.obj : error LNK2001: неразрешенный внешний символ "__declspec(dllimport) public: virtual __cdecl sf::Music::~Music(void)" (__imp_??1Music@sf@@UEAA@XZ).
Source.obj : error LNK2001: неразрешенный внешний символ "__declspec(dllimport) public: __cdecl sf::Music::Music(void)" (__imp_??0Music@sf@@QEAA@XZ).
Source.obj : error LNK2001: неразрешенный внешний символ "__declspec(dllimport) public: void __cdecl sf::SoundStream::setLoop(bool)" (__imp_?setLoop@SoundStream@sf@@QEAAX_N@Z).
Source.obj : error LNK2001: неразрешенный внешний символ "__declspec(dllimport) public: virtual void __cdecl sf::SoundStream::stop(void)" (__imp_?stop@SoundStream@sf@@UEAAXXZ).
Source.obj : error LNK2001: неразрешенный внешний символ "__declspec(dllimport) public: virtual void __cdecl sf::SoundStream::pause(void)" (__imp_?pause@SoundStream@sf@@UEAAXXZ).
Source.obj : error LNK2001: неразрешенный внешний символ "__declspec(dllimport) public: virtual void __cdecl sf::SoundStream::play(void)" (__imp_?play@SoundStream@sf@@UEAAXXZ).
Source.obj : error LNK2001: неразрешенный внешний символ "__declspec(dllimport) public: static class sf::Vector2<int> __cdecl sf::Mouse::getPosition(class sf::Window const &)" (__imp_?getPosition@Mouse@sf@@SA?AV?$Vector2@H@2@AEBVWindow@2@@Z).
Source.obj : error LNK2001: неразрешенный внешний символ "__declspec(dllimport) public: virtual __cdecl sf::Sprite::~Sprite(void)" (__imp_??1Sprite@sf@@UEAA@XZ).
Source.obj : error LNK2001: неразрешенный внешний символ "__declspec(dllimport) public: __cdecl sf::String::~String(void)" (__imp_??1String@sf@@QEAA@XZ).
C:\Users\IVT-1-344_10\Desktop\ргр\mario\x64\Release\mario.exe : fatal error LNK1120: неразрешенных внешних элементов: 48
